This is XeTeX, Version 3.14159265-2.6-0.999991 (MiKTeX 2.9.7140 64-bit) (preloaded format=xelatex 2019.8.22)  22 AUG 2019 18:02
entering extended mode
**./thesis.tex
(thesis.tex
LaTeX2e <2018-12-01>
(classes/fiboThesis.cls
Document Class: classes/fiboThesis 23/04/2018 A latex thai class file by Liews 
Wuttipat
https://github.com/sweilz/
(D:\latex\tex/latex/base\report.cls
Document Class: report 2018/09/03 v1.4i Standard LaTeX document class
(D:\latex\tex/latex/base\size12.clo
File: size12.clo 2018/09/03 v1.4i Standard LaTeX file (size option)
)
\c@part=\count80
\c@chapter=\count81
\c@section=\count82
\c@subsection=\count83
\c@subsubsection=\count84
\c@paragraph=\count85
\c@subparagraph=\count86
\c@figure=\count87
\c@table=\count88
\abovecaptionskip=\skip41
\belowcaptionskip=\skip42
\bibindent=\dimen102
) (D:\latex\tex/latex/fontspec\fontspec.sty (D:\latex\tex/latex/l3packages/xpar
se\xparse.sty
(D:\latex\tex/latex/l3kernel\expl3.sty
Package: expl3 2019-08-14 L3 programming layer (loader) 

(D:\latex\tex/latex/l3kernel\expl3-code.tex
Package: expl3 2019-08-14 L3 programming layer (code)
\c_max_int=\count89
\l_tmpa_int=\count90
\l_tmpb_int=\count91
\g_tmpa_int=\count92
\g_tmpb_int=\count93
\g__kernel_prg_map_int=\count94
\c__ior_term_noprompt_ior=\count95
\c_log_iow=\count96
\l_iow_line_count_int=\count97
\l__iow_line_target_int=\count98
\l__iow_one_indent_int=\count99
\l__iow_indent_int=\count100
\c_zero_dim=\dimen103
\c_max_dim=\dimen104
\l_tmpa_dim=\dimen105
\l_tmpb_dim=\dimen106
\g_tmpa_dim=\dimen107
\g_tmpb_dim=\dimen108
\c_zero_skip=\skip43
\c_max_skip=\skip44
\l_tmpa_skip=\skip45
\l_tmpb_skip=\skip46
\g_tmpa_skip=\skip47
\g_tmpb_skip=\skip48
\c_zero_muskip=\muskip10
\c_max_muskip=\muskip11
\l_tmpa_muskip=\muskip12
\l_tmpb_muskip=\muskip13
\g_tmpa_muskip=\muskip14
\g_tmpb_muskip=\muskip15
\l_keys_choice_int=\count101
\l__intarray_loop_int=\count102
\c__intarray_sp_dim=\dimen109
\g__intarray_font_int=\count103
\c__fp_leading_shift_int=\count104
\c__fp_middle_shift_int=\count105
\c__fp_trailing_shift_int=\count106
\c__fp_big_leading_shift_int=\count107
\c__fp_big_middle_shift_int=\count108
\c__fp_big_trailing_shift_int=\count109
\c__fp_Bigg_leading_shift_int=\count110
\c__fp_Bigg_middle_shift_int=\count111
\c__fp_Bigg_trailing_shift_int=\count112
\g__fp_array_int=\count113
\l__fp_array_loop_int=\count114
\l__sort_length_int=\count115
\l__sort_min_int=\count116
\l__sort_top_int=\count117
\l__sort_max_int=\count118
\l__sort_true_max_int=\count119
\l__sort_block_int=\count120
\l__sort_begin_int=\count121
\l__sort_end_int=\count122
\l__sort_A_int=\count123
\l__sort_B_int=\count124
\l__sort_C_int=\count125
\l__str_internal_int=\count126
\l__tl_analysis_normal_int=\count127
\l__tl_analysis_index_int=\count128
\l__tl_analysis_nesting_int=\count129
\l__tl_analysis_type_int=\count130
\l__regex_internal_a_int=\count131
\l__regex_internal_b_int=\count132
\l__regex_internal_c_int=\count133
\l__regex_balance_int=\count134
\l__regex_group_level_int=\count135
\l__regex_mode_int=\count136
\c__regex_cs_in_class_mode_int=\count137
\c__regex_cs_mode_int=\count138
\l__regex_catcodes_int=\count139
\l__regex_default_catcodes_int=\count140
\c__regex_catcode_L_int=\count141
\c__regex_catcode_O_int=\count142
\c__regex_catcode_A_int=\count143
\c__regex_all_catcodes_int=\count144
\l__regex_show_lines_int=\count145
\l__regex_min_state_int=\count146
\l__regex_max_state_int=\count147
\l__regex_left_state_int=\count148
\l__regex_right_state_int=\count149
\l__regex_capturing_group_int=\count150
\l__regex_min_pos_int=\count151
\l__regex_max_pos_int=\count152
\l__regex_curr_pos_int=\count153
\l__regex_start_pos_int=\count154
\l__regex_success_pos_int=\count155
\l__regex_curr_char_int=\count156
\l__regex_curr_catcode_int=\count157
\l__regex_last_char_int=\count158
\l__regex_case_changed_char_int=\count159
\l__regex_curr_state_int=\count160
\l__regex_step_int=\count161
\l__regex_min_active_int=\count162
\l__regex_max_active_int=\count163
\l__regex_replacement_csnames_int=\count164
\l__regex_match_count_int=\count165
\l__regex_min_submatch_int=\count166
\l__regex_submatch_int=\count167
\l__regex_zeroth_submatch_int=\count168
\g__regex_trace_regex_int=\count169
\c_empty_box=\box27
\l_tmpa_box=\box28
\l_tmpb_box=\box29
\g_tmpa_box=\box30
\g_tmpb_box=\box31
\l__box_top_dim=\dimen110
\l__box_bottom_dim=\dimen111
\l__box_left_dim=\dimen112
\l__box_right_dim=\dimen113
\l__box_top_new_dim=\dimen114
\l__box_bottom_new_dim=\dimen115
\l__box_left_new_dim=\dimen116
\l__box_right_new_dim=\dimen117
\l__box_internal_box=\box32
\l__coffin_internal_box=\box33
\l__coffin_internal_dim=\dimen118
\l__coffin_offset_x_dim=\dimen119
\l__coffin_offset_y_dim=\dimen120
\l__coffin_x_dim=\dimen121
\l__coffin_y_dim=\dimen122
\l__coffin_x_prime_dim=\dimen123
\l__coffin_y_prime_dim=\dimen124
\c_empty_coffin=\box34
\l__coffin_aligned_coffin=\box35
\l__coffin_aligned_internal_coffin=\box36
\l_tmpa_coffin=\box37
\l_tmpb_coffin=\box38
\g_tmpa_coffin=\box39
\g_tmpb_coffin=\box40
\l__coffin_bounding_shift_dim=\dimen125
\l__coffin_left_corner_dim=\dimen126
\l__coffin_right_corner_dim=\dimen127
\l__coffin_bottom_corner_dim=\dimen128
\l__coffin_top_corner_dim=\dimen129
\l__coffin_scaled_total_height_dim=\dimen130
\l__coffin_scaled_width_dim=\dimen131
\c__coffin_empty_coffin=\box41
\l__coffin_display_coffin=\box42
\l__coffin_display_coord_coffin=\box43
\l__coffin_display_pole_coffin=\box44
\l__coffin_display_offset_dim=\dimen132
\l__coffin_display_x_dim=\dimen133
\l__coffin_display_y_dim=\dimen134
\g__file_internal_ior=\read1
\l__seq_internal_a_int=\count170
\l__seq_internal_b_int=\count171
)
(D:\latex\tex/latex/l3backend\l3backend-xdvipdfmx.def
File: l3backend-xdvipdfmx.def 2019-04-06 v L3 Experimental backend support: xdv
ipdfmx
\g__graphics_track_int=\count172
\l__pdf_internal_box=\box45
\g__pdf_backend_object_int=\count173
\g__pdf_backend_annotation_int=\count174
))
Package: xparse 2019-05-28 L3 Experimental document command parser
\l__xparse_current_arg_int=\count175
\g__xparse_grabber_int=\count176
\l__xparse_m_args_int=\count177
\l__xparse_v_nesting_int=\count178
)
Package: fontspec 2019/03/15 v2.7c Font selection for XeLaTeX and LuaLaTeX

(D:\latex\tex/latex/fontspec\fontspec-xetex.sty
Package: fontspec-xetex 2019/03/15 v2.7c Font selection for XeLaTeX and LuaLaTe
X
\l__fontspec_script_int=\count179
\l__fontspec_language_int=\count180
\l__fontspec_strnum_int=\count181
\l__fontspec_tmp_int=\count182
\l__fontspec_tmpa_int=\count183
\l__fontspec_tmpb_int=\count184
\l__fontspec_tmpc_int=\count185
\l__fontspec_em_int=\count186
\l__fontspec_emdef_int=\count187
\l__fontspec_strong_int=\count188
\l__fontspec_strongdef_int=\count189
\l__fontspec_tmpa_dim=\dimen135
\l__fontspec_tmpb_dim=\dimen136
\l__fontspec_tmpc_dim=\dimen137

(D:\latex\tex/latex/base\fontenc.sty
Package: fontenc 2018/08/11 v2.0j Standard LaTeX package
 (D:\latex\tex/latex/base\tuenc.def
File: tuenc.def 2018/08/11 v2.0j Standard LaTeX file
LaTeX Font Info:    Redeclaring font encoding TU on input line 82.
))
(D:\latex\tex/latex/fontspec\fontspec.cfg)
LaTeX Info: Redefining \itshape on input line 4051.
LaTeX Info: Redefining \slshape on input line 4056.
LaTeX Info: Redefining \scshape on input line 4061.
LaTeX Info: Redefining \upshape on input line 4066.
LaTeX Info: Redefining \em on input line 4096.
LaTeX Info: Redefining \emph on input line 4121.
))

Package fontspec Info: Font family 'THSarabunNew(0)' created for font 'TH
(fontspec)             Sarabun New' with options
(fontspec)             [Scale=1.23,Mapping=tex-text,Ligatures=TeX,Mapping=tex-t
ext].
(fontspec)              
(fontspec)              This font family consists of the following NFSS
(fontspec)             series/shapes:
(fontspec)              
(fontspec)             - 'normal' (m/n) with NFSS spec.: <->s*[1.23]"TH
(fontspec)             Sarabun
(fontspec)             New/OT:script=latn;language=DFLT;mapping=tex-text;"
(fontspec)             - 'small caps'  (m/sc) with NFSS spec.: 
(fontspec)             - 'bold' (bx/n) with NFSS spec.: <->s*[1.23]"TH Sarabun
(fontspec)             New/B/OT:script=latn;language=DFLT;mapping=tex-text;"
(fontspec)             - 'bold small caps'  (bx/sc) with NFSS spec.: 
(fontspec)             - 'italic' (m/it) with NFSS spec.: <->s*[1.23]"TH
(fontspec)             Sarabun
(fontspec)             New/I/OT:script=latn;language=DFLT;mapping=tex-text;"
(fontspec)             - 'italic small caps'  (m/itsc) with NFSS spec.: 
(fontspec)             - 'bold italic' (bx/it) with NFSS spec.: <->s*[1.23]"TH
(fontspec)             Sarabun
(fontspec)             New/BI/OT:script=latn;language=DFLT;mapping=tex-text;"
(fontspec)             - 'bold italic small caps'  (bx/itsc) with NFSS spec.: 

LaTeX Info: Redefining \rmfamily on input line 27.
LaTeX Font Info:    Font shape `TU/THSarabunNew(0)/m/n' will be
(Font)              scaled to size 14.75995pt on input line 27.

(D:\latex\tex/latex/base\ifthen.sty
Package: ifthen 2014/09/29 v1.1c Standard LaTeX ifthen package (DPC)
) (D:\latex\tex/latex/tools\verbatim.sty
Package: verbatim 2014/10/28 v1.5q LaTeX2e package for verbatim enhancements
\every@verbatim=\toks14
\verbatim@line=\toks15
\verbatim@in@stream=\read2
)
(D:\latex\tex/latex/graphics\graphicx.sty
Package: graphicx 2017/06/01 v1.1a Enhanced LaTeX Graphics (DPC,SPQR)

(D:\latex\tex/latex/graphics\keyval.sty
Package: keyval 2014/10/28 v1.15 key=value parser (DPC)
\KV@toks@=\toks16
)
(D:\latex\tex/latex/graphics\graphics.sty
Package: graphics 2017/06/25 v1.2c Standard LaTeX Graphics (DPC,SPQR)
 (D:\latex\tex/latex/graphics\trig.sty
Package: trig 2016/01/03 v1.10 sin cos tan (DPC)
) (D:\latex\tex/latex/graphics-cfg\graphics.cfg
File: graphics.cfg 2016/06/04 v1.11 sample graphics configuration
)
Package graphics Info: Driver file: xetex.def on input line 99.

(D:\latex\tex/latex/graphics-def\xetex.def
File: xetex.def 2017/06/24 v5.0h Graphics/color driver for xetex
))
\Gin@req@height=\dimen138
\Gin@req@width=\dimen139
)
(D:\latex\tex/latex/hyperref\hyperref.sty
Package: hyperref 2019/06/12 v6.88h Hypertext links for LaTeX

(D:\latex\tex/generic/oberdiek\hobsub-hyperref.sty
Package: hobsub-hyperref 2016/05/16 v1.14 Bundle oberdiek, subset hyperref (HO)


(D:\latex\tex/generic/oberdiek\hobsub-generic.sty
Package: hobsub-generic 2016/05/16 v1.14 Bundle oberdiek, subset generic (HO)
Package: hobsub 2016/05/16 v1.14 Construct package bundles (HO)
Package: infwarerr 2016/05/16 v1.4 Providing info/warning/error messages (HO)
Package: ltxcmds 2016/05/16 v1.23 LaTeX kernel commands for general use (HO)
Package: ifluatex 2016/05/16 v1.4 Provides the ifluatex switch (HO)
Package ifluatex Info: LuaTeX not detected.
Package: ifvtex 2016/05/16 v1.6 Detect VTeX and its facilities (HO)
Package ifvtex Info: VTeX not detected.
Package: intcalc 2016/05/16 v1.2 Expandable calculations with integers (HO)
Package: ifpdf 2018/09/07 v3.3 Provides the ifpdf switch
Package: etexcmds 2016/05/16 v1.6 Avoid name clashes with e-TeX commands (HO)
Package: kvsetkeys 2016/05/16 v1.17 Key value parser (HO)
Package: kvdefinekeys 2016/05/16 v1.4 Define keys (HO)
Package: pdftexcmds 2019/07/25 v0.30 Utility functions of pdfTeX for LuaTeX (HO
)
Package pdftexcmds Info: LuaTeX not detected.
Package pdftexcmds Info: pdfTeX >= 1.30 not detected.
Package pdftexcmds Info: \pdf@primitive is available.
Package pdftexcmds Info: \pdf@ifprimitive is available.
Package pdftexcmds Info: \pdfdraftmode not found.
Package: pdfescape 2016/05/16 v1.14 Implements pdfTeX's escape features (HO)
Package: bigintcalc 2016/05/16 v1.4 Expandable calculations on big integers (HO
)
Package: bitset 2016/05/16 v1.2 Handle bit-vector datatype (HO)
Package: uniquecounter 2016/05/16 v1.3 Provide unlimited unique counter (HO)
)
Package hobsub Info: Skipping package `hobsub' (already loaded).
Package: letltxmacro 2016/05/16 v1.5 Let assignment for LaTeX macros (HO)
Package: hopatch 2016/05/16 v1.3 Wrapper for package hooks (HO)
Package: xcolor-patch 2016/05/16 xcolor patch
Package: atveryend 2016/05/16 v1.9 Hooks at the very end of document (HO)
Package atveryend Info: \enddocument detected (standard20110627).
Package: atbegshi 2016/06/09 v1.18 At begin shipout hook (HO)
Package: refcount 2016/05/16 v3.5 Data extraction from label references (HO)
Package: hycolor 2016/05/16 v1.8 Color options for hyperref/bookmark (HO)
)
(D:\latex\tex/generic/ifxetex\ifxetex.sty
Package: ifxetex 2010/09/12 v0.6 Provides ifxetex conditional
)
(D:\latex\tex/latex/oberdiek\auxhook.sty
Package: auxhook 2016/05/16 v1.4 Hooks for auxiliary files (HO)
)
(D:\latex\tex/latex/oberdiek\kvoptions.sty
Package: kvoptions 2016/05/16 v3.12 Key value format for package options (HO)
)
\@linkdim=\dimen140
\Hy@linkcounter=\count190
\Hy@pagecounter=\count191

(D:\latex\tex/latex/hyperref\pd1enc.def
File: pd1enc.def 2019/06/12 v6.88h Hyperref: PDFDocEncoding definition (HO)
)
\Hy@SavedSpaceFactor=\count192

(D:\latex\tex/latex/00miktex\hyperref.cfg
File: hyperref.cfg 2002/06/06 v1.2 hyperref configuration of TeXLive
)
Package hyperref Info: Hyper figures OFF on input line 4550.
Package hyperref Info: Link nesting OFF on input line 4555.
Package hyperref Info: Hyper index ON on input line 4558.
Package hyperref Info: Plain pages OFF on input line 4565.
Package hyperref Info: Backreferencing OFF on input line 4570.
Package hyperref Info: Implicit mode ON; LaTeX internals redefined.
Package hyperref Info: Bookmarks ON on input line 4803.
\c@Hy@tempcnt=\count193
 (D:\latex\tex/latex/url\url.sty
\Urlmuskip=\muskip16
Package: url 2013/09/16  ver 3.4  Verb mode for urls, etc.
)
LaTeX Info: Redefining \url on input line 5156.
\XeTeXLinkMargin=\dimen141
\Fld@menulength=\count194
\Field@Width=\dimen142
\Fld@charsize=\dimen143
Package hyperref Info: Hyper figures OFF on input line 6411.
Package hyperref Info: Link nesting OFF on input line 6416.
Package hyperref Info: Hyper index ON on input line 6419.
Package hyperref Info: backreferencing OFF on input line 6426.
Package hyperref Info: Link coloring OFF on input line 6431.
Package hyperref Info: Link coloring with OCG OFF on input line 6436.
Package hyperref Info: PDF/A mode OFF on input line 6441.
LaTeX Info: Redefining \ref on input line 6481.
LaTeX Info: Redefining \pageref on input line 6485.
\Hy@abspage=\count195
\c@Item=\count196
\c@Hfootnote=\count197
)
Package hyperref Info: Driver (autodetected): hxetex.

(D:\latex\tex/latex/hyperref\hxetex.def
File: hxetex.def 2019/06/12 v6.88h Hyperref driver for XeTeX
 (D:\latex\tex/latex/hyperref\puenc.def
File: puenc.def 2019/06/12 v6.88h Hyperref: PDF Unicode definition (HO)
) (D:\latex\tex/generic/oberdiek\stringenc.sty
Package: stringenc 2016/05/16 v1.11 Convert strings between diff. encodings (HO
)
)
\pdfm@box=\box46
\c@Hy@AnnotLevel=\count198
\HyField@AnnotCount=\count199
\Fld@listcount=\count266
\c@bookmark@seq@number=\count267

(D:\latex\tex/latex/oberdiek\rerunfilecheck.sty
Package: rerunfilecheck 2016/05/16 v1.8 Rerun checks for auxiliary files (HO)
Package uniquecounter Info: New unique counter `rerunfilecheck' on input line 2
82.
)
\Hy@SectionHShift=\skip49
)
(D:\latex\tex/latex/enumitem\enumitem.sty
Package: enumitem 2019/06/20 v3.9 Customized lists
\labelindent=\skip50
\enit@outerparindent=\dimen144
\enit@toks=\toks17
\enit@inbox=\box47
\enit@count@id=\count268
\enitdp@description=\count269
)
(D:\latex\tex/latex/multirow\multirow.sty
Package: multirow 2019/05/31 v2.5 Span multiple rows of a table
\multirow@colwidth=\skip51
\multirow@cntb=\count270
\multirow@dima=\skip52
\bigstrutjot=\dimen145
)
(D:\latex\tex/latex/caption\caption.sty
Package: caption 2018/10/06 v3.3-154 Customizing captions (AR)

(D:\latex\tex/latex/caption\caption3.sty
Package: caption3 2018/09/12 v1.8c caption3 kernel (AR)
Package caption3 Info: TeX engine: e-TeX on input line 64.
\captionmargin=\dimen146
\captionmargin@=\dimen147
\captionwidth=\dimen148
\caption@tempdima=\dimen149
\caption@indent=\dimen150
\caption@parindent=\dimen151
\caption@hangindent=\dimen152
)
\c@caption@flags=\count271
\c@ContinuedFloat=\count272
Package caption Info: hyperref package is loaded.
)
(D:\latex\tex/latex/caption\subcaption.sty
Package: subcaption 2018/05/01 v1.1-162 Sub-captions (AR)
\c@subfigure=\count273
\c@subtable=\count274
)
(D:\latex\tex/latex/setspace\setspace.sty
Package: setspace 2011/12/19 v6.7a set line spacing
)
(D:\latex\tex/latex/geometry\geometry.sty
Package: geometry 2018/04/16 v5.8 Page Geometry
\Gm@cnth=\count275
\Gm@cntv=\count276
\c@Gm@tempcnt=\count277
\Gm@bindingoffset=\dimen153
\Gm@wd@mp=\dimen154
\Gm@odd@mp=\dimen155
\Gm@even@mp=\dimen156
\Gm@layoutwidth=\dimen157
\Gm@layoutheight=\dimen158
\Gm@layouthoffset=\dimen159
\Gm@layoutvoffset=\dimen160
\Gm@dimlist=\toks18

(D:\latex\tex/xelatex/xetexconfig\geometry.cfg))
(D:\latex\tex/latex/fancyhdr\fancyhdr.sty
Package: fancyhdr 2019/01/31 v3.10 Extensive control of page headers and footer
s
\f@nch@headwidth=\skip53
\f@nch@O@elh=\skip54
\f@nch@O@erh=\skip55
\f@nch@O@olh=\skip56
\f@nch@O@orh=\skip57
\f@nch@O@elf=\skip58
\f@nch@O@erf=\skip59
\f@nch@O@olf=\skip60
\f@nch@O@orf=\skip61
)
(D:\latex\tex/latex/titlesec\titlesec.sty
Package: titlesec 2019/07/16 v2.11 Sectioning titles
\ttl@box=\box48
\beforetitleunit=\skip62
\aftertitleunit=\skip63
\ttl@plus=\dimen161
\ttl@minus=\dimen162
\ttl@toksa=\toks19
\titlewidth=\dimen163
\titlewidthlast=\dimen164
\titlewidthfirst=\dimen165
)
(D:\latex\tex/latex/titlesec\titletoc.sty
Package: titletoc 2019/07/16 v2.11 TOC entries
\ttl@leftsep=\dimen166
)
(D:\latex\tex/latex/pgf/frontendlayer\tikz.sty
(D:\latex\tex/latex/pgf/basiclayer\pgf.sty
(D:\latex\tex/latex/pgf/utilities\pgfrcs.sty
(D:\latex\tex/generic/pgf/utilities\pgfutil-common.tex
\pgfutil@everybye=\toks20
\pgfutil@tempdima=\dimen167
\pgfutil@tempdimb=\dimen168

(D:\latex\tex/generic/pgf/utilities\pgfutil-common-lists.tex))
(D:\latex\tex/generic/pgf/utilities\pgfutil-latex.def
\pgfutil@abb=\box49

(D:\latex\tex/latex/ms\everyshi.sty
Package: everyshi 2001/05/15 v3.00 EveryShipout Package (MS)
))
(D:\latex\tex/generic/pgf/utilities\pgfrcs.code.tex
(D:\latex\tex/generic/pgf\pgf.revision.tex)
Package: pgfrcs 2019/08/03 v3.1.4b (3.1.4b)
))
Package: pgf 2019/08/03 v3.1.4b (3.1.4b)

(D:\latex\tex/latex/pgf/basiclayer\pgfcore.sty
(D:\latex\tex/latex/pgf/systemlayer\pgfsys.sty
(D:\latex\tex/generic/pgf/systemlayer\pgfsys.code.tex
Package: pgfsys 2019/08/03 v3.1.4b (3.1.4b)

(D:\latex\tex/generic/pgf/utilities\pgfkeys.code.tex
\pgfkeys@pathtoks=\toks21
\pgfkeys@temptoks=\toks22

(D:\latex\tex/generic/pgf/utilities\pgfkeysfiltered.code.tex
\pgfkeys@tmptoks=\toks23
))
\pgf@x=\dimen169
\pgf@y=\dimen170
\pgf@xa=\dimen171
\pgf@ya=\dimen172
\pgf@xb=\dimen173
\pgf@yb=\dimen174
\pgf@xc=\dimen175
\pgf@yc=\dimen176
\pgf@xd=\dimen177
\pgf@yd=\dimen178
\w@pgf@writea=\write3
\r@pgf@reada=\read3
\c@pgf@counta=\count278
\c@pgf@countb=\count279
\c@pgf@countc=\count280
\c@pgf@countd=\count281
\t@pgf@toka=\toks24
\t@pgf@tokb=\toks25
\t@pgf@tokc=\toks26
\pgf@sys@id@count=\count282

(D:\latex\tex/generic/pgf/systemlayer\pgf.cfg
File: pgf.cfg 2019/08/03 v3.1.4b (3.1.4b)
)
Driver file for pgf: pgfsys-xetex.def

(D:\latex\tex/generic/pgf/systemlayer\pgfsys-xetex.def
File: pgfsys-xetex.def 2019/08/03 v3.1.4b (3.1.4b)

(D:\latex\tex/generic/pgf/systemlayer\pgfsys-dvipdfmx.def
File: pgfsys-dvipdfmx.def 2019/08/03 v3.1.4b (3.1.4b)

(D:\latex\tex/generic/pgf/systemlayer\pgfsys-common-pdf.def
File: pgfsys-common-pdf.def 2019/08/03 v3.1.4b (3.1.4b)
)
\pgfsys@objnum=\count283
)))
(D:\latex\tex/generic/pgf/systemlayer\pgfsyssoftpath.code.tex
File: pgfsyssoftpath.code.tex 2019/08/03 v3.1.4b (3.1.4b)
\pgfsyssoftpath@smallbuffer@items=\count284
\pgfsyssoftpath@bigbuffer@items=\count285
)
(D:\latex\tex/generic/pgf/systemlayer\pgfsysprotocol.code.tex
File: pgfsysprotocol.code.tex 2019/08/03 v3.1.4b (3.1.4b)
))
(D:\latex\tex/latex/xcolor\xcolor.sty
Package: xcolor 2016/05/11 v2.12 LaTeX color extensions (UK)

(D:\latex\tex/latex/graphics-cfg\color.cfg
File: color.cfg 2016/01/02 v1.6 sample color configuration
)
Package xcolor Info: Driver file: xetex.def on input line 225.
Package xcolor Info: Model `cmy' substituted by `cmy0' on input line 1348.
Package xcolor Info: Model `RGB' extended on input line 1364.
Package xcolor Info: Model `HTML' substituted by `rgb' on input line 1366.
Package xcolor Info: Model `Hsb' substituted by `hsb' on input line 1367.
Package xcolor Info: Model `tHsb' substituted by `hsb' on input line 1368.
Package xcolor Info: Model `HSB' substituted by `hsb' on input line 1369.
Package xcolor Info: Model `Gray' substituted by `gray' on input line 1370.
Package xcolor Info: Model `wave' substituted by `hsb' on input line 1371.
)
(D:\latex\tex/generic/pgf/basiclayer\pgfcore.code.tex
Package: pgfcore 2019/08/03 v3.1.4b (3.1.4b)

(D:\latex\tex/generic/pgf/math\pgfmath.code.tex
(D:\latex\tex/generic/pgf/math\pgfmathcalc.code.tex
(D:\latex\tex/generic/pgf/math\pgfmathutil.code.tex)
(D:\latex\tex/generic/pgf/math\pgfmathparser.code.tex
\pgfmath@dimen=\dimen179
\pgfmath@count=\count286
\pgfmath@box=\box50
\pgfmath@toks=\toks27
\pgfmath@stack@operand=\toks28
\pgfmath@stack@operation=\toks29
)
(D:\latex\tex/generic/pgf/math\pgfmathfunctions.code.tex
(D:\latex\tex/generic/pgf/math\pgfmathfunctions.basic.code.tex)
(D:\latex\tex/generic/pgf/math\pgfmathfunctions.trigonometric.code.tex)
(D:\latex\tex/generic/pgf/math\pgfmathfunctions.random.code.tex)
(D:\latex\tex/generic/pgf/math\pgfmathfunctions.comparison.code.tex)
(D:\latex\tex/generic/pgf/math\pgfmathfunctions.base.code.tex)
(D:\latex\tex/generic/pgf/math\pgfmathfunctions.round.code.tex)
(D:\latex\tex/generic/pgf/math\pgfmathfunctions.misc.code.tex)
(D:\latex\tex/generic/pgf/math\pgfmathfunctions.integerarithmetics.code.tex)))
(D:\latex\tex/generic/pgf/math\pgfmathfloat.code.tex
\c@pgfmathroundto@lastzeros=\count287
))
(D:\latex\tex/generic/pgf/math\pgfint.code.tex)
(D:\latex\tex/generic/pgf/basiclayer\pgfcorepoints.code.tex
File: pgfcorepoints.code.tex 2019/08/03 v3.1.4b (3.1.4b)
\pgf@picminx=\dimen180
\pgf@picmaxx=\dimen181
\pgf@picminy=\dimen182
\pgf@picmaxy=\dimen183
\pgf@pathminx=\dimen184
\pgf@pathmaxx=\dimen185
\pgf@pathminy=\dimen186
\pgf@pathmaxy=\dimen187
\pgf@xx=\dimen188
\pgf@xy=\dimen189
\pgf@yx=\dimen190
\pgf@yy=\dimen191
\pgf@zx=\dimen192
\pgf@zy=\dimen193
)
(D:\latex\tex/generic/pgf/basiclayer\pgfcorepathconstruct.code.tex
File: pgfcorepathconstruct.code.tex 2019/08/03 v3.1.4b (3.1.4b)
\pgf@path@lastx=\dimen194
\pgf@path@lasty=\dimen195
)
(D:\latex\tex/generic/pgf/basiclayer\pgfcorepathusage.code.tex
File: pgfcorepathusage.code.tex 2019/08/03 v3.1.4b (3.1.4b)
\pgf@shorten@end@additional=\dimen196
\pgf@shorten@start@additional=\dimen197
)
(D:\latex\tex/generic/pgf/basiclayer\pgfcorescopes.code.tex
File: pgfcorescopes.code.tex 2019/08/03 v3.1.4b (3.1.4b)
\pgfpic=\box51
\pgf@hbox=\box52
\pgf@layerbox@main=\box53
\pgf@picture@serial@count=\count288
)
(D:\latex\tex/generic/pgf/basiclayer\pgfcoregraphicstate.code.tex
File: pgfcoregraphicstate.code.tex 2019/08/03 v3.1.4b (3.1.4b)
\pgflinewidth=\dimen198
)
(D:\latex\tex/generic/pgf/basiclayer\pgfcoretransformations.code.tex
File: pgfcoretransformations.code.tex 2019/08/03 v3.1.4b (3.1.4b)
\pgf@pt@x=\dimen199
\pgf@pt@y=\dimen256
\pgf@pt@temp=\dimen257
)
(D:\latex\tex/generic/pgf/basiclayer\pgfcorequick.code.tex
File: pgfcorequick.code.tex 2019/08/03 v3.1.4b (3.1.4b)
)
(D:\latex\tex/generic/pgf/basiclayer\pgfcoreobjects.code.tex
File: pgfcoreobjects.code.tex 2019/08/03 v3.1.4b (3.1.4b)
)
(D:\latex\tex/generic/pgf/basiclayer\pgfcorepathprocessing.code.tex
File: pgfcorepathprocessing.code.tex 2019/08/03 v3.1.4b (3.1.4b)
)
(D:\latex\tex/generic/pgf/basiclayer\pgfcorearrows.code.tex
File: pgfcorearrows.code.tex 2019/08/03 v3.1.4b (3.1.4b)
\pgfarrowsep=\dimen258
)
(D:\latex\tex/generic/pgf/basiclayer\pgfcoreshade.code.tex
File: pgfcoreshade.code.tex 2019/08/03 v3.1.4b (3.1.4b)
\pgf@max=\dimen259
\pgf@sys@shading@range@num=\count289
\pgf@shadingcount=\count290
)
(D:\latex\tex/generic/pgf/basiclayer\pgfcoreimage.code.tex
File: pgfcoreimage.code.tex 2019/08/03 v3.1.4b (3.1.4b)

(D:\latex\tex/generic/pgf/basiclayer\pgfcoreexternal.code.tex
File: pgfcoreexternal.code.tex 2019/08/03 v3.1.4b (3.1.4b)
\pgfexternal@startupbox=\box54
))
(D:\latex\tex/generic/pgf/basiclayer\pgfcorelayers.code.tex
File: pgfcorelayers.code.tex 2019/08/03 v3.1.4b (3.1.4b)
)
(D:\latex\tex/generic/pgf/basiclayer\pgfcoretransparency.code.tex
File: pgfcoretransparency.code.tex 2019/08/03 v3.1.4b (3.1.4b)
)
(D:\latex\tex/generic/pgf/basiclayer\pgfcorepatterns.code.tex
File: pgfcorepatterns.code.tex 2019/08/03 v3.1.4b (3.1.4b)
)
(D:\latex\tex/generic/pgf/basiclayer\pgfcorerdf.code.tex
File: pgfcorerdf.code.tex 2019/08/03 v3.1.4b (3.1.4b)
)))
(D:\latex\tex/generic/pgf/modules\pgfmoduleshapes.code.tex
File: pgfmoduleshapes.code.tex 2019/08/03 v3.1.4b (3.1.4b)
\pgfnodeparttextbox=\box55
)
(D:\latex\tex/generic/pgf/modules\pgfmoduleplot.code.tex
File: pgfmoduleplot.code.tex 2019/08/03 v3.1.4b (3.1.4b)
)
(D:\latex\tex/latex/pgf/compatibility\pgfcomp-version-0-65.sty
Package: pgfcomp-version-0-65 2019/08/03 v3.1.4b (3.1.4b)
\pgf@nodesepstart=\dimen260
\pgf@nodesepend=\dimen261
)
(D:\latex\tex/latex/pgf/compatibility\pgfcomp-version-1-18.sty
Package: pgfcomp-version-1-18 2019/08/03 v3.1.4b (3.1.4b)
))
(D:\latex\tex/latex/pgf/utilities\pgffor.sty
(D:\latex\tex/latex/pgf/utilities\pgfkeys.sty
(D:\latex\tex/generic/pgf/utilities\pgfkeys.code.tex))
(D:\latex\tex/latex/pgf/math\pgfmath.sty
(D:\latex\tex/generic/pgf/math\pgfmath.code.tex))
(D:\latex\tex/generic/pgf/utilities\pgffor.code.tex
Package: pgffor 2019/08/03 v3.1.4b (3.1.4b)

(D:\latex\tex/generic/pgf/math\pgfmath.code.tex)
\pgffor@iter=\dimen262
\pgffor@skip=\dimen263
\pgffor@stack=\toks30
\pgffor@toks=\toks31
))
(D:\latex\tex/generic/pgf/frontendlayer/tikz\tikz.code.tex
Package: tikz 2019/08/03 v3.1.4b (3.1.4b)

(D:\latex\tex/generic/pgf/libraries\pgflibraryplothandlers.code.tex
File: pgflibraryplothandlers.code.tex 2019/08/03 v3.1.4b (3.1.4b)
\pgf@plot@mark@count=\count291
\pgfplotmarksize=\dimen264
)
\tikz@lastx=\dimen265
\tikz@lasty=\dimen266
\tikz@lastxsaved=\dimen267
\tikz@lastysaved=\dimen268
\tikz@lastmovetox=\dimen269
\tikz@lastmovetoy=\dimen270
\tikzleveldistance=\dimen271
\tikzsiblingdistance=\dimen272
\tikz@figbox=\box56
\tikz@figbox@bg=\box57
\tikz@tempbox=\box58
\tikz@tempbox@bg=\box59
\tikztreelevel=\count292
\tikznumberofchildren=\count293
\tikznumberofcurrentchild=\count294
\tikz@fig@count=\count295

(D:\latex\tex/generic/pgf/modules\pgfmodulematrix.code.tex
File: pgfmodulematrix.code.tex 2019/08/03 v3.1.4b (3.1.4b)
\pgfmatrixcurrentrow=\count296
\pgfmatrixcurrentcolumn=\count297
\pgf@matrix@numberofcolumns=\count298
)
\tikz@expandcount=\count299

(D:\latex\tex/generic/pgf/frontendlayer/tikz/libraries\tikzlibrarytopaths.code.
tex
File: tikzlibrarytopaths.code.tex 2019/08/03 v3.1.4b (3.1.4b)
))) (D:\latex\tex/latex/fancyvrb\fancyvrb.sty
Package: fancyvrb 2019/01/15

Style option: `fancyvrb' v3.2a <2019/01/15> (tvz)
\FV@CodeLineNo=\count300
\FV@InFile=\read4
\FV@TabBox=\box60
\c@FancyVerbLine=\count301
\FV@StepNumber=\count302
\FV@OutFile=\write4
)
(D:\latex\tex/latex/wrapfig\wrapfig.sty
\wrapoverhang=\dimen273
\WF@size=\dimen274
\c@WF@wrappedlines=\count303
\WF@box=\box61
\WF@everypar=\toks32
Package: wrapfig 2003/01/31  v 3.6
)
(D:\latex\tex/latex/etoolbox\etoolbox.sty
Package: etoolbox 2018/08/19 v2.5f e-TeX tools for LaTeX (JAW)
\etb@tempcnta=\count304
)
(D:\latex\tex/generic/pgf/frontendlayer/tikz/libraries\tikzlibraryshapes.code.t
ex
File: tikzlibraryshapes.code.tex 2019/08/03 v3.1.4b (3.1.4b)

(D:\latex\tex/generic/pgf/frontendlayer/tikz/libraries\tikzlibraryshapes.geomet
ric.code.tex
File: tikzlibraryshapes.geometric.code.tex 2019/08/03 v3.1.4b (3.1.4b)

(D:\latex\tex/generic/pgf/libraries/shapes\pgflibraryshapes.geometric.code.tex
File: pgflibraryshapes.geometric.code.tex 2019/08/03 v3.1.4b (3.1.4b)
))
(D:\latex\tex/generic/pgf/frontendlayer/tikz/libraries\tikzlibraryshapes.misc.c
ode.tex
File: tikzlibraryshapes.misc.code.tex 2019/08/03 v3.1.4b (3.1.4b)

(D:\latex\tex/generic/pgf/libraries/shapes\pgflibraryshapes.misc.code.tex
File: pgflibraryshapes.misc.code.tex 2019/08/03 v3.1.4b (3.1.4b)
))
(D:\latex\tex/generic/pgf/frontendlayer/tikz/libraries\tikzlibraryshapes.symbol
s.code.tex
File: tikzlibraryshapes.symbols.code.tex 2019/08/03 v3.1.4b (3.1.4b)

(D:\latex\tex/generic/pgf/libraries/shapes\pgflibraryshapes.symbols.code.tex
File: pgflibraryshapes.symbols.code.tex 2019/08/03 v3.1.4b (3.1.4b)
))
(D:\latex\tex/generic/pgf/frontendlayer/tikz/libraries\tikzlibraryshapes.arrows
.code.tex
File: tikzlibraryshapes.arrows.code.tex 2019/08/03 v3.1.4b (3.1.4b)

(D:\latex\tex/generic/pgf/libraries/shapes\pgflibraryshapes.arrows.code.tex
File: pgflibraryshapes.arrows.code.tex 2019/08/03 v3.1.4b (3.1.4b)
))
(D:\latex\tex/generic/pgf/frontendlayer/tikz/libraries\tikzlibraryshapes.callou
ts.code.tex
(D:\latex\tex/generic/pgf/libraries/shapes\pgflibraryshapes.callouts.code.tex))

(D:\latex\tex/generic/pgf/frontendlayer/tikz/libraries\tikzlibraryshapes.multip
art.code.tex
File: tikzlibraryshapes.multipart.code.tex 2019/08/03 v3.1.4b (3.1.4b)

(D:\latex\tex/generic/pgf/libraries/shapes\pgflibraryshapes.multipart.code.tex
File: pgflibraryshapes.multipart.code.tex 2019/08/03 v3.1.4b (3.1.4b)
\pgfnodepartlowerbox=\box62
\pgfnodeparttwobox=\box63
\pgfnodepartthreebox=\box64
\pgfnodepartfourbox=\box65
\pgfnodeparttwentybox=\box66
\pgfnodepartnineteenbox=\box67
\pgfnodeparteighteenbox=\box68
\pgfnodepartseventeenbox=\box69
\pgfnodepartsixteenbox=\box70
\pgfnodepartfifteenbox=\box71
\pgfnodepartfourteenbox=\box72
\pgfnodepartthirteenbox=\box73
\pgfnodeparttwelvebox=\box74
\pgfnodepartelevenbox=\box75
\pgfnodeparttenbox=\box76
\pgfnodepartninebox=\box77
\pgfnodeparteightbox=\box78
\pgfnodepartsevenbox=\box79
\pgfnodepartsixbox=\box80
\pgfnodepartfivebox=\box81
)))
(D:\latex\tex/generic/pgf/frontendlayer/tikz/libraries\tikzlibraryautomata.code
.tex
File: tikzlibraryautomata.code.tex 2019/08/03 v3.1.4b (3.1.4b)
)
(D:\latex\tex/generic/pgf/frontendlayer/tikz/libraries\tikzlibrarypositioning.c
ode.tex
File: tikzlibrarypositioning.code.tex 2019/08/03 v3.1.4b (3.1.4b)
)
(D:\latex\tex/generic/pgf/frontendlayer/tikz/libraries\tikzlibraryarrows.code.t
ex
File: tikzlibraryarrows.code.tex 2019/08/03 v3.1.4b (3.1.4b)
 (D:\latex\tex/generic/pgf/libraries\pgflibraryarrows.code.tex
File: pgflibraryarrows.code.tex 2019/08/03 v3.1.4b (3.1.4b)
\arrowsize=\dimen275
))
(D:\latex\tex/latex/lipsum\lipsum.sty
Package: lipsum 2019/01/02 v2.2 150 paragraphs of Lorem Ipsum dummy text
 (D:\latex\tex/latex/lipsum\lipsum.ltd.tex
File: lipsum.ltd.tex 2019/01/02 v2.2 The Lorem ipsum dummy text
))) (D:\latex\tex/latex/tools\tabularx.sty
Package: tabularx 2016/02/03 v2.11b `tabularx' package (DPC)
 (D:\latex\tex/latex/tools\array.sty
Package: array 2018/12/30 v2.4k Tabular extension package (FMi)
\col@sep=\dimen276
\ar@mcellbox=\box82
\extrarowheight=\dimen277
\NC@list=\toks33
\extratabsurround=\skip64
\backup@length=\skip65
\ar@cellbox=\box83
)
\TX@col@width=\dimen278
\TX@old@table=\dimen279
\TX@old@col=\dimen280
\TX@target=\dimen281
\TX@delta=\dimen282
\TX@cols=\count305
\TX@ftn=\toks34
) (D:\latex\tex/latex/adjustbox\adjustbox.sty
Package: adjustbox 2019/01/04 v1.2 Adjusting TeX boxes (trim, clip, ...)

(D:\latex\tex/latex/xkeyval\xkeyval.sty
Package: xkeyval 2014/12/03 v2.7a package option processing (HA)

(D:\latex\tex/generic/xkeyval\xkeyval.tex
(D:\latex\tex/generic/xkeyval\xkvutils.tex
\XKV@toks=\toks35
\XKV@tempa@toks=\toks36
)
\XKV@depth=\count306
File: xkeyval.tex 2014/12/03 v2.7a key=value parser (HA)
))
(D:\latex\tex/latex/adjustbox\adjcalc.sty
Package: adjcalc 2012/05/16 v1.1 Provides advanced setlength with multiple back
-ends (calc, etex, pgfmath)
)
(D:\latex\tex/latex/adjustbox\trimclip.sty
Package: trimclip 2018/04/08 v1.1 Trim and clip general TeX material

(D:\latex\tex/latex/collectbox\collectbox.sty
Package: collectbox 2012/05/17 v0.4b Collect macro arguments as boxes
\collectedbox=\box84
)
\tc@llx=\dimen283
\tc@lly=\dimen284
\tc@urx=\dimen285
\tc@ury=\dimen286
Package trimclip Info: Using driver 'tc-xetex.def'.

(D:\latex\tex/latex/adjustbox\tc-xetex.def
File: tc-xetex.def 2019/01/04 v2.2 Clipping driver for xetex
))
\adjbox@Width=\dimen287
\adjbox@Height=\dimen288
\adjbox@Depth=\dimen289
\adjbox@Totalheight=\dimen290
\adjbox@pwidth=\dimen291
\adjbox@pheight=\dimen292
\adjbox@pdepth=\dimen293
\adjbox@ptotalheight=\dimen294

(D:\latex\tex/latex/ifoddpage\ifoddpage.sty
Package: ifoddpage 2016/04/23 v1.1 Conditionals for odd/even page detection
\c@checkoddpage=\count307
)
(D:\latex\tex/latex/varwidth\varwidth.sty
Package: varwidth 2009/03/30 ver 0.92;  Variable-width minipages
\@vwid@box=\box85
\sift@deathcycles=\count308
\@vwid@loff=\dimen295
\@vwid@roff=\dimen296
))
(D:\latex\tex/latex/graphics\lscape.sty
Package: lscape 2000/10/22 v3.01 Landscape Pages (DPC)
) (thesis.aux)
\openout1 = `thesis.aux'.

LaTeX Font Info:    Checking defaults for OML/cmm/m/it on input line 7.
LaTeX Font Info:    ... okay on input line 7.
LaTeX Font Info:    Checking defaults for T1/cmr/m/n on input line 7.
LaTeX Font Info:    ... okay on input line 7.
LaTeX Font Info:    Checking defaults for OT1/cmr/m/n on input line 7.
LaTeX Font Info:    ... okay on input line 7.
LaTeX Font Info:    Checking defaults for OMS/cmsy/m/n on input line 7.
LaTeX Font Info:    ... okay on input line 7.
LaTeX Font Info:    Checking defaults for TU/lmr/m/n on input line 7.
LaTeX Font Info:    ... okay on input line 7.
LaTeX Font Info:    Checking defaults for OMX/cmex/m/n on input line 7.
LaTeX Font Info:    ... okay on input line 7.
LaTeX Font Info:    Checking defaults for U/cmr/m/n on input line 7.
LaTeX Font Info:    ... okay on input line 7.
LaTeX Font Info:    Checking defaults for PD1/pdf/m/n on input line 7.
LaTeX Font Info:    ... okay on input line 7.
LaTeX Font Info:    Checking defaults for PU/pdf/m/n on input line 7.
LaTeX Font Info:    ... okay on input line 7.

Package fontspec Info: Adjusting the maths setup (use [no-math] to avoid
(fontspec)             this).

\symlegacymaths=\mathgroup4
LaTeX Font Info:    Overwriting symbol font `legacymaths' in version `bold'
(Font)                  OT1/cmr/m/n --> OT1/cmr/bx/n on input line 7.
LaTeX Font Info:    Redeclaring math accent \acute on input line 7.
LaTeX Font Info:    Redeclaring math accent \grave on input line 7.
LaTeX Font Info:    Redeclaring math accent \ddot on input line 7.
LaTeX Font Info:    Redeclaring math accent \tilde on input line 7.
LaTeX Font Info:    Redeclaring math accent \bar on input line 7.
LaTeX Font Info:    Redeclaring math accent \breve on input line 7.
LaTeX Font Info:    Redeclaring math accent \check on input line 7.
LaTeX Font Info:    Redeclaring math accent \hat on input line 7.
LaTeX Font Info:    Redeclaring math accent \dot on input line 7.
LaTeX Font Info:    Redeclaring math accent \mathring on input line 7.
LaTeX Font Info:    Redeclaring math symbol \colon on input line 7.
LaTeX Font Info:    Redeclaring math symbol \Gamma on input line 7.
LaTeX Font Info:    Redeclaring math symbol \Delta on input line 7.
LaTeX Font Info:    Redeclaring math symbol \Theta on input line 7.
LaTeX Font Info:    Redeclaring math symbol \Lambda on input line 7.
LaTeX Font Info:    Redeclaring math symbol \Xi on input line 7.
LaTeX Font Info:    Redeclaring math symbol \Pi on input line 7.
LaTeX Font Info:    Redeclaring math symbol \Sigma on input line 7.
LaTeX Font Info:    Redeclaring math symbol \Upsilon on input line 7.
LaTeX Font Info:    Redeclaring math symbol \Phi on input line 7.
LaTeX Font Info:    Redeclaring math symbol \Psi on input line 7.
LaTeX Font Info:    Redeclaring math symbol \Omega on input line 7.
LaTeX Font Info:    Redeclaring math symbol \mathdollar on input line 7.
LaTeX Font Info:    Redeclaring symbol font `operators' on input line 7.
LaTeX Font Info:    Encoding `OT1' has changed to `TU' for symbol font
(Font)              `operators' in the math version `normal' on input line 7.
LaTeX Font Info:    Overwriting symbol font `operators' in version `normal'
(Font)                  OT1/cmr/m/n --> TU/THSarabunNew(0)/m/n on input line 7.

LaTeX Font Info:    Encoding `OT1' has changed to `TU' for symbol font
(Font)              `operators' in the math version `bold' on input line 7.
LaTeX Font Info:    Overwriting symbol font `operators' in version `bold'
(Font)                  OT1/cmr/bx/n --> TU/THSarabunNew(0)/m/n on input line 7
.
LaTeX Font Info:    Overwriting symbol font `operators' in version `normal'
(Font)                  TU/THSarabunNew(0)/m/n --> TU/THSarabunNew(0)/m/n on in
put line 7.
LaTeX Font Info:    Overwriting math alphabet `\mathit' in version `normal'
(Font)                  OT1/cmr/m/it --> TU/THSarabunNew(0)/m/it on input line 
7.
LaTeX Font Info:    Overwriting math alphabet `\mathbf' in version `normal'
(Font)                  OT1/cmr/bx/n --> TU/THSarabunNew(0)/bx/n on input line 
7.
LaTeX Font Info:    Overwriting math alphabet `\mathsf' in version `normal'
(Font)                  OT1/cmss/m/n --> TU/lmss/m/n on input line 7.
LaTeX Font Info:    Overwriting math alphabet `\mathtt' in version `normal'
(Font)                  OT1/cmtt/m/n --> TU/lmtt/m/n on input line 7.
LaTeX Font Info:    Overwriting symbol font `operators' in version `bold'
(Font)                  TU/THSarabunNew(0)/m/n --> TU/THSarabunNew(0)/bx/n on i
nput line 7.
LaTeX Font Info:    Overwriting math alphabet `\mathit' in version `bold'
(Font)                  OT1/cmr/bx/it --> TU/THSarabunNew(0)/bx/it on input lin
e 7.
LaTeX Font Info:    Overwriting math alphabet `\mathsf' in version `bold'
(Font)                  OT1/cmss/bx/n --> TU/lmss/bx/n on input line 7.
LaTeX Font Info:    Overwriting math alphabet `\mathtt' in version `bold'
(Font)                  OT1/cmtt/m/n --> TU/lmtt/bx/n on input line 7.
\AtBeginShipoutBox=\box86
Package hyperref Info: Link coloring OFF on input line 7.

(D:\latex\tex/latex/hyperref\nameref.sty
Package: nameref 2016/05/21 v2.44 Cross-referencing by name of section

(D:\latex\tex/generic/oberdiek\gettitlestring.sty
Package: gettitlestring 2016/05/16 v1.5 Cleanup title references (HO)
)
\c@section@level=\count309
)
LaTeX Info: Redefining \ref on input line 7.
LaTeX Info: Redefining \pageref on input line 7.
LaTeX Info: Redefining \nameref on input line 7.
 (thesis.out) (thesis.out)
\@outlinefile=\write5
\openout5 = `thesis.out'.

Package caption Info: Begin \AtBeginDocument code.
Package caption Info: wrapfig package is loaded.
Package caption Info: End \AtBeginDocument code.

*geometry* detected driver: pdftex
*geometry* verbose mode - [ preamble ] result:
* driver: pdftex
* paper: <default>
* layout: <same size as paper>
* layoutoffset:(h,v)=(0.0pt,0.0pt)
* modes: 
* h-part:(L,W,R)=(113.81102pt, 426.79135pt, 56.9055pt)
* v-part:(T,H,B)=(85.35826pt, 702.78308pt, 56.9055pt)
* \paperwidth=597.50787pt
* \paperheight=845.04684pt
* \textwidth=426.79135pt
* \textheight=702.78308pt
* \oddsidemargin=41.54103pt
* \evensidemargin=41.54103pt
* \topmargin=-23.91173pt
* \headheight=12.0pt
* \headsep=25.0pt
* \topskip=12.0pt
* \footskip=30.0pt
* \marginparwidth=35.0pt
* \marginparsep=10.0pt
* \columnsep=10.0pt
* \skip\footins=10.8pt plus 4.0pt minus 2.0pt
* \hoffset=0.0pt
* \voffset=0.0pt
* \mag=1000
* \@twocolumnfalse
* \@twosidefalse
* \@mparswitchfalse
* \@reversemarginfalse
* (1in=72.27pt=25.4mm, 1cm=28.453pt)

ABD: EveryShipout initializing macros
File: classes/KMUTT_logo.jpg Graphic file (type bmp)
<classes/KMUTT_logo.jpg>
LaTeX Font Info:    Font shape `TU/THSarabunNew(0)/m/n' will be
(Font)              scaled to size 17.71193pt on input line 23.
LaTeX Font Info:    Font shape `TU/THSarabunNew(0)/bx/n' will be
(Font)              scaled to size 17.71193pt on input line 23.

(D:\latex\tex/generic/oberdiek\se-ascii-print.def
File: se-ascii-print.def 2016/05/16 v1.11 stringenc: Printable ASCII characters

) [1

] [2

]
File: classes/KMUTT_logo.jpg Graphic file (type bmp)
<classes/KMUTT_logo.jpg>


Package Fancyhdr Warning: \headheight is too small (12.0pt): 
Make it at least 14.49998pt.
We now make it that large for the rest of the document.
This may cause the page layout to be inconsistent, however.

[1


]
LaTeX Font Info:    Font shape `TU/THSarabunNew(0)/bx/n' will be
(Font)              scaled to size 14.75995pt on input line 26.
LaTeX Font Info:    Font shape `TU/THSarabunNew(0)/m/n' will be
(Font)              scaled to size 9.83997pt on input line 26.
LaTeX Font Info:    Font shape `TU/THSarabunNew(0)/m/n' will be
(Font)              scaled to size 7.37997pt on input line 26.
LaTeX Font Info:    External font `cmex10' loaded for size
(Font)              <12> on input line 26.
LaTeX Font Info:    External font `cmex10' loaded for size
(Font)              <8> on input line 26.
LaTeX Font Info:    External font `cmex10' loaded for size
(Font)              <6> on input line 26.

Overfull \hbox (3.46884pt too wide) in alignment at lines 26--26
[][] 
 []

(pages/abstract.tex [2

]
Underfull \hbox (badness 10000) in alignment at lines 2--2
[][] 
 []

LaTeX Font Info:    Font shape `TU/THSarabunNew(0)/bx/n' will be
(Font)              scaled to size 21.25432pt on input line 2.
) (pages/acknowledgements.tex [3

]
Overfull \hbox (2.21698pt too wide) in paragraph at lines 33--35
[]\TU/THSarabunNew(0)/m/n/12 และ สุดท้าย นี้ ขอ น้อม รำลึก ถึง พระคุณ บิดา มารด
า และ ครอบครัว ที่ ส่ง เสริม ให้ กำลัง ใจ และ ให้การ สนับสนุน
 []

[4


]) (thesis.toc [5


])
\tf@toc=\write6
\openout6 = `thesis.toc'.

 [6

] (thesis.lof [7


])
\tf@lof=\write7
\openout7 = `thesis.lof'.

 [8

] (thesis.lot [9


])
\tf@lot=\write8
\openout8 = `thesis.lot'.


(pages/symbols.tex [10

]
Overfull \hbox (3.46233pt too wide) in alignment at lines 4--9
[][] 
 []


Underfull \hbox (badness 10000) in paragraph at lines 3--10

 []

) (pages/abbreviations.tex [11



]
Overfull \hbox (3.46233pt too wide) in alignment at lines 4--16
[][] 
 []


Underfull \hbox (badness 10000) in paragraph at lines 3--17

 []

) [12



] (chapter1/chapter1.tex
บทที่ 1.
[1


]) (chapter3/chapter3.tex [2

]
บทที่ 2.
[3

] (chapter3/hardware.tex
File: chapter3/images/clean/uthai_design_structure.jpg Graphic file (type bmp)
<chapter3/images/clean/uthai_design_structure.jpg>
File: chapter3/images/uthai_structure1.png Graphic file (type bmp)
<chapter3/images/uthai_structure1.png>
File: chapter3/images/uthai_sensor.PNG Graphic file (type bmp)
<chapter3/images/uthai_sensor.PNG>
 [4

] [5]
LaTeX Font Info:    Font shape `TU/THSarabunNew(0)/m/n' will be
(Font)              scaled to size 12.29996pt on input line 68.
LaTeX Font Info:    Font shape `TU/THSarabunNew(0)/m/n' will be
(Font)              scaled to size 8.60997pt on input line 68.
LaTeX Font Info:    Font shape `TU/THSarabunNew(0)/m/n' will be
(Font)              scaled to size 6.14998pt on input line 68.
LaTeX Font Info:    External font `cmex10' loaded for size
(Font)              <7> on input line 68.
LaTeX Font Info:    External font `cmex10' loaded for size
(Font)              <5> on input line 68.

Overfull \hbox (1.62428pt too wide) in paragraph at lines 97--108
 [][] 
 []

[6

]
Overfull \hbox (4.09402pt too wide) in paragraph at lines 131--132
[] [] \TU/THSarabunNew(0)/bx/n/12 Joint Mode[] \TU/THSarabunNew(0)/m/n/12 สามาร
ถ ที่ จะ ควบคุม แรง บิด ความเร็ว และ ตำแหน่ง ได้ ความ ละเอียด ใน การ ควบคุม ตำแ
หน่ง
 []

File: chapter3/images/dxl_ex106.png Graphic file (type bmp)
<chapter3/images/dxl_ex106.png>
[7

]
File: chapter3/images/dynamixel2pc.png Graphic file (type bmp)
<chapter3/images/dynamixel2pc.png>
File: chapter3/images/useusb2dynamixel.png Graphic file (type bmp)
<chapter3/images/useusb2dynamixel.png>
File: chapter3/images/usb2rs485.jpg Graphic file (type bmp)
<chapter3/images/usb2rs485.jpg>
 [8

]
Underfull \hbox (badness 10000) in paragraph at lines 194--194
[][]\TU/THSarabunNew(0)/m/n/10 MPU-9250 [http:// www.arduiner.com/ en/ gy-serie
s-axis-accellerometers/ 6924-gy9255-mpu9255-sensor-
 []

File: chapter3/images/mpu9250.jpeg Graphic file (type bmp)
<chapter3/images/mpu9250.jpeg>
File: chapter3/images/rpi_wifi_adaptor.jpg Graphic file (type bmp)
<chapter3/images/rpi_wifi_adaptor.jpg>
File: chapter3/images/wifi_router.jpg Graphic file (type bmp)
<chapter3/images/wifi_router.jpg>
[9

]
File: chapter3/images/FSR_schematic.png Graphic file (type bmp)
<chapter3/images/FSR_schematic.png>
File: chapter3/images/complete_FSR.png Graphic file (type bmp)
<chapter3/images/complete_FSR.png>
 [10

]
File: chapter3/images/dynamixel_connect.png Graphic file (type bmp)
<chapter3/images/dynamixel_connect.png>
File: chapter3/images/odroid2dynamixel.JPG Graphic file (type bmp)
<chapter3/images/odroid2dynamixel.JPG>
 [11

]
File: chapter3/images/roboplus/roboplus.jpg Graphic file (type bmp)
<chapter3/images/roboplus/roboplus.jpg>
File: chapter3/images/roboplus/roboplus0.jpg Graphic file (type bmp)
<chapter3/images/roboplus/roboplus0.jpg>
File: chapter3/images/roboplus/roboplus1.PNG Graphic file (type bmp)
<chapter3/images/roboplus/roboplus1.PNG>
File: chapter3/images/roboplus/roboplus2.PNG Graphic file (type bmp)
<chapter3/images/roboplus/roboplus2.PNG>
File: chapter3/images/roboplus/roboplus3.PNG Graphic file (type bmp)
<chapter3/images/roboplus/roboplus3.PNG>
File: chapter3/images/roboplus/roboplus4.PNG Graphic file (type bmp)
<chapter3/images/roboplus/roboplus4.PNG>
File: chapter3/images/roboplus/roboplus5.PNG Graphic file (type bmp)
<chapter3/images/roboplus/roboplus5.PNG>
File: chapter3/images/roboplus/roboplus6.PNG Graphic file (type bmp)
<chapter3/images/roboplus/roboplus6.PNG>
File: chapter3/images/roboplus/roboplus7.PNG Graphic file (type bmp)
<chapter3/images/roboplus/roboplus7.PNG>
 [12

] [13] [14]
File: chapter3/images/uthai_controller.jpg Graphic file (type bmp)
<chapter3/images/uthai_controller.jpg>
File: chapter3/images/clean/uthai_drive.png Graphic file (type bmp)
<chapter3/images/clean/uthai_drive.png>
) [15

] (chapter3/software.tex [16

]
Overfull \hbox (10.04614pt too wide) in paragraph at lines 69--70
[] [] \TU/THSarabunNew(0)/bx/n/12 joint_state_publisher[] \TU/THSarabunNew(0)/m
/n/12 เครื่อง มือ นี้ มี ประโยชน์ มาก ใน การ สร้าง แบบ จำลอง หุ่น ยนต์ ด้วย URD
F เนื่องจาก
 []

[17

]
LaTeX Font Info:    Font shape `TU/THSarabunNew(0)/m/n' will be
(Font)              scaled to size 13.46844pt on input line 91.
File: chapter3/images/urdf_link.png Graphic file (type bmp)
<chapter3/images/urdf_link.png>
 [18

]
File: chapter3/images/urdf_joint.png Graphic file (type bmp)
<chapter3/images/urdf_joint.png>
 [19

]
File: chapter3/images/uthai_ros_node.png Graphic file (type bmp)
<chapter3/images/uthai_ros_node.png>
 [20

] [21] [22

] [23

]) [24

] (chapter3/platform.tex
Overfull \hbox (7.47147pt too wide) in paragraph at lines 7--9
[]\TU/THSarabunNew(0)/m/n/12 เป็น ส่วน ของ อุปกรณ์ ฮาร์ดแวร์ ที่ ใช้ งาน กับ หุ
่น ยนต์ ฮิว มา นอยด์ ยก ตัวอย่าง เช่น ตัว ขับ เคลื่อน กล้อง ไมโครโฟน
 []

File: chapter3/images/uthai_diagram.png Graphic file (type bmp)
<chapter3/images/uthai_diagram.png>
[25

]
File: chapter3/images/platform3.JPG Graphic file (type bmp)
<chapter3/images/platform3.JPG>
File: chapter3/images/platform2.JPG Graphic file (type bmp)
<chapter3/images/platform2.JPG>
 [26

]
File: chapter3/images/op3_029.png Graphic file (type bmp)
<chapter3/images/op3_029.png>
File: chapter3/images/uthai_argitec.png Graphic file (type bmp)
<chapter3/images/uthai_argitec.png>
 [27

]
Overfull \hbox (16.32744pt too wide) in paragraph at lines 60--64
[]\TU/THSarabunNew(0)/m/n/12 ระบบ ควบคุม หลัก ของ หุ่น ยนต์ ฮิว มา นอยด์ UTHAIน
ั้น จะ อยู่ ที่ หน่วย ประมวล ผล ขั้น สูง ใช้ เป็น บอร์ด คอมพิวเตอร์
 []

File: chapter3/images/odroid_xu4.jpeg Graphic file (type bmp)
<chapter3/images/odroid_xu4.jpeg>
File: chapter3/images/nucleo_f411re.jpeg Graphic file (type bmp)
<chapter3/images/nucleo_f411re.jpeg>
[28

]))
No file thesis.bbl.
[29

]
LaTeX Font Info:    Font shape `TU/THSarabunNew(0)/bx/n' will be
(Font)              scaled to size 30.6023pt on input line 47.
 (appendix/appendix1.tex [29


]
ภาคผนวก ก.
(appendix/dynamic_prop.tex
File: appendix/images/uthai_dynamic_all.jpeg Graphic file (type bmp)
<appendix/images/uthai_dynamic_all.jpeg>
 [30

]
File: appendix/images/uthai_dynamic_rhy.jpeg Graphic file (type bmp)
<appendix/images/uthai_dynamic_rhy.jpeg>
 [31

]
File: appendix/images/uthai_dynamic_lhy.jpeg Graphic file (type bmp)
<appendix/images/uthai_dynamic_lhy.jpeg>
 [32

]
File: appendix/images/uthai_dynamic_rhr.jpeg Graphic file (type bmp)
<appendix/images/uthai_dynamic_rhr.jpeg>
 [33

]
File: appendix/images/uthai_dynamic_lhr.jpeg Graphic file (type bmp)
<appendix/images/uthai_dynamic_lhr.jpeg>
 [34

]
File: appendix/images/uthai_dynamic_rhp.jpeg Graphic file (type bmp)
<appendix/images/uthai_dynamic_rhp.jpeg>
 [35

]
File: appendix/images/uthai_dynamic_lhp.jpeg Graphic file (type bmp)
<appendix/images/uthai_dynamic_lhp.jpeg>
 [36

]
File: appendix/images/uthai_dynamic_rkp.jpeg Graphic file (type bmp)
<appendix/images/uthai_dynamic_rkp.jpeg>
 [37

]
File: appendix/images/uthai_dynamic_lkp.jpeg Graphic file (type bmp)
<appendix/images/uthai_dynamic_lkp.jpeg>
 [38

]
File: appendix/images/uthai_dynamic_rap.jpeg Graphic file (type bmp)
<appendix/images/uthai_dynamic_rap.jpeg>

[39

]
File: appendix/images/uthai_dynamic_lap.jpeg Graphic file (type bmp)
<appendix/images/uthai_dynamic_lap.jpeg>
 [40

]
File: appendix/images/uthai_dynamic_rar.jpeg Graphic file (type bmp)
<appendix/images/uthai_dynamic_rar.jpeg>
 [41

]
File: appendix/images/uthai_dynamic_lar.jpeg Graphic file (type bmp)
<appendix/images/uthai_dynamic_lar.jpeg>
)) (pages/vitea.tex [42

]
File: pages/images/jirad.jpg Graphic file (type bmp)
<pages/images/jirad.jpg>
 [43


]
File: pages/images/taa.jpg Graphic file (type bmp)
<pages/images/taa.jpg>
 [44

]
File: pages/images/wuttipat.jpg Graphic file (type bmp)
<pages/images/wuttipat.jpg>
) [45

]
Package atveryend Info: Empty hook `BeforeClearDocument' on input line 54.
Package atveryend Info: Empty hook `AfterLastShipout' on input line 54.
 (thesis.aux)
Package atveryend Info: Empty hook `AtVeryEndDocument' on input line 54.
Package atveryend Info: Executing hook `AtEndAfterFileList' on input line 54.
Package rerunfilecheck Info: File `thesis.out' has not changed.
(rerunfilecheck)             Checksum: 5334C704C3474F9BB1B37B544F87FA41.
Package atveryend Info: Empty hook `AtVeryVeryEnd' on input line 54.
 ) 
Here is how much of TeX's memory you used:
 37537 strings out of 427669
 750060 string characters out of 3153072
 1023925 words of memory out of 3000000
 41070 multiletter control sequences out of 15000+200000
 535634 words of font info for 59 fonts, out of 3000000 for 9000
 1348 hyphenation exceptions out of 8191
 62i,11n,83p,926b,618s stack positions out of 5000i,500n,10000p,200000b,50000s

Output written on thesis.pdf (60 pages).
