\BOOKMARK [0][-]{chapter*.1}{บทคัดย่อ}{}% 1
\BOOKMARK [0][-]{chapter*.2}{กิตติกรรมประกาศ}{}% 2
\BOOKMARK [0][-]{chapter*.3}{สารบัญ}{}% 3
\BOOKMARK [0][-]{chapter*.7}{รายการรูปภาพ}{}% 4
\BOOKMARK [0][-]{chapter*.10}{รายการตาราง}{}% 5
\BOOKMARK [0][-]{chapter*.11}{รายการสัญลักษณ์}{}% 6
\BOOKMARK [0][-]{chapter*.12}{ประมวลศัพท์และตัวย่อ}{}% 7
\BOOKMARK [0][-]{chapter.1}{บทนำ}{}% 8
\BOOKMARK [1][-]{section.1.1}{ที่มาและความสำคัญ}{chapter.1}% 9
\BOOKMARK [1][-]{section.1.2}{วัตถุประสงค์}{chapter.1}% 10
\BOOKMARK [1][-]{section.1.3}{ประโยชน์ที่คาดว่าจะได้รับ}{chapter.1}% 11
\BOOKMARK [1][-]{section.1.4}{ขอบเขตการดำเนินงาน}{chapter.1}% 12
\BOOKMARK [1][-]{section.1.5}{ขั้นตอนการดำเนินงาน}{chapter.1}% 13
\BOOKMARK [0][-]{chapter.2}{ทฤษฎี/การวิจัยที่เกี่ยวข้อง}{}% 14
\BOOKMARK [1][-]{section.2.1}{การวิเคราะห์ผลวิดีโอ}{chapter.2}% 15
\BOOKMARK [1][-]{section.2.2}{เครื่องมือสำหรับการวิเคราะห์ผลวิดีโอ}{chapter.2}% 16
\BOOKMARK [2][-]{subsection.2.2.1}{โมเดลปัญญาประดิษฐ์สำหรับจำแนกการกระทำมนุษย์}{section.2.2}% 17
\BOOKMARK [2][-]{subsection.2.2.2}{เครื่องมือสำหรับสร้างชุดข้อมูล}{section.2.2}% 18
\BOOKMARK [1][-]{section.2.3}{ทฤษฎีที่เกี่ยวข้อง}{chapter.2}% 19
\BOOKMARK [2][-]{subsection.2.3.1}{Optical\040flow}{section.2.3}% 20
\BOOKMARK [1][-]{section.2.4}{Two-Steam\040CNN}{chapter.2}% 21
\BOOKMARK [0][-]{chapter.3}{ระเบียบวิธีวิจัย}{}% 22
\BOOKMARK [1][-]{section.3.1}{ความต้องการของระบบ}{chapter.3}% 23
\BOOKMARK [2][-]{subsection.3.1.1}{ความต้องการเชิงการใช้งาน \(Functional Requirements\)}{section.3.1}% 24
\BOOKMARK [2][-]{subsection.3.1.2}{ความต้องการเชิงวิศวกรรม \(Non-Functional Requirements\)}{section.3.1}% 25
\BOOKMARK [1][-]{section.3.2}{หน้าที่ความรับผิดชอบ}{chapter.3}% 26
\BOOKMARK [1][-]{section.3.3}{เครื่องมือที่ใช้ในงานวิจัย}{chapter.3}% 27
\BOOKMARK [1][-]{section.3.4}{ภาษาที่ใช้ในการพัฒนาระบบ}{chapter.3}% 28
\BOOKMARK [1][-]{section.3.5}{Program library ที่ใช้ในการพัฒนาระบบและแอพพลิเคชั่น}{chapter.3}% 29
\BOOKMARK [1][-]{section.3.6}{แผนการดำเนินงาน}{chapter.3}% 30
\BOOKMARK [1][-]{section.3.7}{ภาพรวมระบบของเครื่องมือสำหรับกำกับข้อมูลด้วยปัญญาประดิษฐ์}{chapter.3}% 31
\BOOKMARK [1][-]{section.3.8}{การออกแบบหน้าต่างแอพพลิเคชั่นของเครื่องมือสำหรับกำกับข้อมูลด้วยปัญญาประดิษฐ์}{chapter.3}% 32
\BOOKMARK [2][-]{subsection.3.8.1}{เครื่องมือสำหรับกำกับข้อมูลด้วยปัญญาประดิษฐ์}{section.3.8}% 33
\BOOKMARK [1][-]{section.3.9}{การออกแบบการทดสอบการตรวจจับวัตถุ}{chapter.3}% 34
\BOOKMARK [2][-]{subsection.3.9.1}{ทดสอบประสิทธิ์ภาพการทำงานของโมเดลปัญญาประดิษฐ์สำหรับการทำการตรวจจับภาพบุคคล}{section.3.9}% 35
\BOOKMARK [2][-]{subsection.3.9.2}{ทดสอบประสิทธิ์ภาพการทำงานของระบบทำนายตำแหน่งต่อไปของวัตถุในวิดีโอ}{section.3.9}% 36
\BOOKMARK [2][-]{subsection.3.9.3}{ทดสอบประสิทธิ์ภาพการทำงานของระบบระบุตัวตนของบุคคลภายในภาพ}{section.3.9}% 37
\BOOKMARK [2][-]{subsection.3.9.4}{ทดสอบประสิทธิ์ภาพการทำงานของโมเดลปัญญาประดิษฐ์ที่เคยถูกเทรนด์ผ่าน AVA โดยใช้ชุดข้อมูลของ AVA ในการทดสอบและเทียบผลลัพธ์กับแหล่งอ้างอิง}{section.3.9}% 38
\BOOKMARK [0][-]{chapter.4}{ผลการดำเนินงาน}{}% 39
\BOOKMARK [1][-]{section.4.1}{Labeling\040tool}{chapter.4}% 40
\BOOKMARK [2][-]{subsection.4.1.1}{หน้าต่างแสดงผลของแอพพลิเคชั่น}{section.4.1}% 41
\BOOKMARK [2][-]{subsection.4.1.2}{ผลลัพท์การทำงานในแต่ละหน้าต่างของแอพพลิเคชั่น}{section.4.1}% 42
\BOOKMARK [1][-]{section.4.2}{ผลการทดลองการตรวจจับวัตถุ}{chapter.4}% 43
\BOOKMARK [2][-]{subsection.4.2.1}{ทดสอบประสิทธิ์ภาพการทำงานของโมเดลปัญญาประดิษฐ์สำหรับการทำการตรวจจับภาพบุคคล}{section.4.2}% 44
\BOOKMARK [1][-]{section.4.3}{ผลการทดสอบการทำนายตำแหน่งต่อไปของมนุษย์}{chapter.4}% 45
\BOOKMARK [1][-]{section.4.4}{ผลการทดสอบการระบุตัวตนของมนุษย์}{chapter.4}% 46
\BOOKMARK [1][-]{section.4.5}{ผลการทดสอบการจดจำการกระทำของมนุษย์}{chapter.4}% 47
\BOOKMARK [2][-]{subsection.4.5.1}{ทดสอบประสิทธิ์ภาพการทำงานของโมเดลปัญญาประดิษฐ์ที่เคยถูกเทรนด์ผ่าน AVA เทียบผลลัพธ์กับแหล่งอ้างอิง ได้ผลการทดลองดังตารางต่อไปนี้}{section.4.5}% 48
\BOOKMARK [0][-]{chapter*.40}{เอกสารอ้างอิง}{}% 49
\BOOKMARK [0][-]{appendix.A}{ข้อมูลเบื้องต้นของหุ่นยนต์ฮิวมานอยด์ UTHAI}{}% 50
\BOOKMARK [1][-]{section.A.1}{ค่าคุณสมบัติทางพลศาสตร์}{appendix.A}% 51
\BOOKMARK [0][-]{appendix*.67}{ประวัติผู้เขียน}{}% 52
